
> campconnect@0.0.0 lint
> eslint .


C:\Users\vongo\Documents\CampConnect\camp\src\app\components\ui\badge.tsx
  46:17  warning  Fast refresh only works when a file only exports components. Use a new file to share constants or functions between components  react-refresh/only-export-components

C:\Users\vongo\Documents\CampConnect\camp\src\app\components\ui\button.tsx
  58:18  warning  Fast refresh only works when a file only exports components. Use a new file to share constants or functions between components  react-refresh/only-export-components

C:\Users\vongo\Documents\CampConnect\camp\src\app\components\ui\calendar.tsx
  63:45  error  Unexpected any. Specify a different type  @typescript-eslint/no-explicit-any
  66:46  error  Unexpected any. Specify a different type  @typescript-eslint/no-explicit-any
  69:12  error  Unexpected any. Specify a different type  @typescript-eslint/no-explicit-any

C:\Users\vongo\Documents\CampConnect\camp\src\app\components\ui\chart.tsx
  128:19  error  Unexpected any. Specify a different type  @typescript-eslint/no-explicit-any
  128:32  error  Unexpected any. Specify a different type  @typescript-eslint/no-explicit-any
  182:29  error  Unexpected any. Specify a different type  @typescript-eslint/no-explicit-any
  182:41  error  Unexpected any. Specify a different type  @typescript-eslint/no-explicit-any
  263:15  error  Unexpected any. Specify a different type  @typescript-eslint/no-explicit-any
  279:27  error  Unexpected any. Specify a different type  @typescript-eslint/no-explicit-any

C:\Users\vongo\Documents\CampConnect\camp\src\app\components\ui\form.tsx
  160:3  warning  Fast refresh only works when a file only exports components. Use a new file to share constants or functions between components  react-refresh/only-export-components

C:\Users\vongo\Documents\CampConnect\camp\src\app\components\ui\navigation-menu.tsx
  167:3  warning  Fast refresh only works when a file only exports components. Use a new file to share constants or functions between components  react-refresh/only-export-components

C:\Users\vongo\Documents\CampConnect\camp\src\app\components\ui\sidebar.tsx
  725:3  warning  Fast refresh only works when a file only exports components. Use a new file to share constants or functions between components  react-refresh/only-export-components

C:\Users\vongo\Documents\CampConnect\camp\src\app\components\ui\toggle.tsx
  47:18  warning  Fast refresh only works when a file only exports components. Use a new file to share constants or functions between components  react-refresh/only-export-components

✖ 15 problems (9 errors, 6 warnings)

